2021-09-29 09:36:11 [main] INFO  com.pj.offer.OfferApplication -
                Starting OfferApplication using Java 11.0.11 on CTNDELLHQR5WF3 with PID 1840 (C:\Users\paulo.junio\Desktop\Works\oferta\target\classes started by paulo.junio in C:\Users\paulo.junio\Desktop\Works\oferta)
2021-09-29 09:36:11 [main] DEBUG com.pj.offer.OfferApplication -
                Running with Spring Boot v2.5.3, Spring v5.3.9
2021-09-29 09:36:11 [main] INFO  com.pj.offer.OfferApplication -
                No active profile set, falling back to default profiles: default
2021-09-29 09:36:18 [main] INFO  com.pj.offer.OfferApplication -
                Started OfferApplication in 7.868 seconds (JVM running for 8.485)
2021-09-29 09:36:54 [main] INFO  com.pj.offer.OfferApplication -
                Starting OfferApplication using Java 11.0.11 on CTNDELLHQR5WF3 with PID 10396 (C:\Users\paulo.junio\Desktop\Works\oferta\target\classes started by paulo.junio in C:\Users\paulo.junio\Desktop\Works\oferta)
2021-09-29 09:36:54 [main] DEBUG com.pj.offer.OfferApplication -
                Running with Spring Boot v2.5.3, Spring v5.3.9
2021-09-29 09:36:54 [main] INFO  com.pj.offer.OfferApplication -
                No active profile set, falling back to default profiles: default
2021-09-29 09:37:00 [main] INFO  com.pj.offer.OfferApplication -
                Started OfferApplication in 6.813 seconds (JVM running for 7.364)
2021-09-29 09:37:25 [main] INFO  com.pj.offer.OfferApplication -
                Starting OfferApplication using Java 11.0.11 on CTNDELLHQR5WF3 with PID 10544 (C:\Users\paulo.junio\Desktop\Works\oferta\target\classes started by paulo.junio in C:\Users\paulo.junio\Desktop\Works\oferta)
2021-09-29 09:37:25 [main] DEBUG com.pj.offer.OfferApplication -
                Running with Spring Boot v2.5.3, Spring v5.3.9
2021-09-29 09:37:25 [main] INFO  com.pj.offer.OfferApplication -
                No active profile set, falling back to default profiles: default
2021-09-29 09:37:32 [main] INFO  com.pj.offer.OfferApplication -
                Started OfferApplication in 7.454 seconds (JVM running for 7.974)
2021-09-29 09:38:37 [main] INFO  com.pj.offer.OfferApplication -
                Starting OfferApplication using Java 11.0.11 on CTNDELLHQR5WF3 with PID 6052 (C:\Users\paulo.junio\Desktop\Works\oferta\target\classes started by paulo.junio in C:\Users\paulo.junio\Desktop\Works\oferta)
2021-09-29 09:38:37 [main] INFO  com.pj.offer.OfferApplication -
                No active profile set, falling back to default profiles: default
2021-09-29 09:38:43 [main] INFO  com.pj.offer.OfferApplication -
                Started OfferApplication in 7.356 seconds (JVM running for 7.842)
2021-09-29 09:38:53 [http-nio-8080-exec-2] ERROR c.p.o.a.h.OfferControllerAdvice -
                ErrorAtributes(error=Date Validation: Please, verify the Date atributes, details=OfferException: Date Fim  cannot be equals  to Date Inicio)!
2021-09-29 09:39:33 [main] INFO  com.pj.offer.OfferApplication -
                Starting OfferApplication using Java 11.0.11 on CTNDELLHQR5WF3 with PID 11408 (C:\Users\paulo.junio\Desktop\Works\oferta\target\classes started by paulo.junio in C:\Users\paulo.junio\Desktop\Works\oferta)
2021-09-29 09:39:33 [main] INFO  com.pj.offer.OfferApplication -
                No active profile set, falling back to default profiles: default
2021-09-29 09:39:40 [main] INFO  com.pj.offer.OfferApplication -
                Started OfferApplication in 7.313 seconds (JVM running for 7.886)
2021-09-29 09:41:04 [http-nio-8080-exec-2] INFO  c.p.offer.controller.OfferController -
                method=getOfferByID event=INFO message=Search a Offfer by Id offerId=88
2021-09-29 09:41:04 [http-nio-8080-exec-2] ERROR c.p.offer.controller.OfferController -
                message=If id does not exist, will throw NotFoundException
2021-09-29 09:41:04 [http-nio-8080-exec-2] ERROR c.p.o.a.h.OfferControllerAdvice -
                ErrorAtributes(error=Exception: Offer Not Found, details=Id 88 Not Found)!
